<?xml version="1.0" encoding="UTF-8"?>
<!-- Generated by org.testng.reporters.JUnitXMLReporter -->
<testsuite hostname="Priya" name="Default test" tests="10" failures="0" timestamp="27 Jul 2022 02:14:56 GMT" time="0.373" errors="0">
  <testcase name="test4" time="0.123" classname="org.test.Test1"/>
  <testcase name="test3" time="0.003" classname="org.test.Test1"/>
  <testcase name="test6" time="0.005" classname="org.test.Test1"/>
  <testcase name="test1" time="0.047" classname="org.test.Test1"/>
  <testcase name="test5" time="0.004" classname="org.test.Test1"/>
  <testcase name="test2" time="0.009" classname="org.test.Test1"/>
  <testcase name="test2" time="0.003" classname="org.test.Test1"/>
  <testcase name="test2" time="0.004" classname="org.test.Test1"/>
  <testcase name="test2" time="0.003" classname="org.test.Test1"/>
  <testcase name="test2" time="0.002" classname="org.test.Test1"/>
</testsuite> <!-- Default test -->
