<?xml version="1.0" encoding="UTF-8"?>
<testng-results skipped="0" failed="0" total="10" passed="10">
  <reporter-output>
  </reporter-output>
  <suite name="Suite" duration-ms="520" started-at="2022-07-27T05:29:29Z" finished-at="2022-07-27T05:29:29Z">
    <groups>
    </groups>
    <test name="Test" duration-ms="520" started-at="2022-07-27T05:29:29Z" finished-at="2022-07-27T05:29:29Z">
      <class name="org.test.Test1">
        <test-method status="PASS" signature="test4()[pri:-7, instance:org.test.Test1@64616ca2]" name="test4" duration-ms="110" started-at="2022-07-27T10:59:29Z" finished-at="2022-07-27T10:59:29Z">
          <reporter-output>
          </reporter-output>
        </test-method> <!-- test4 -->
        <test-method status="PASS" signature="test3()[pri:-6, instance:org.test.Test1@64616ca2]" name="test3" duration-ms="3" started-at="2022-07-27T10:59:29Z" finished-at="2022-07-27T10:59:29Z">
          <reporter-output>
          </reporter-output>
        </test-method> <!-- test3 -->
        <test-method status="PASS" signature="test6()[pri:-1, instance:org.test.Test1@64616ca2]" name="test6" duration-ms="14" started-at="2022-07-27T10:59:29Z" finished-at="2022-07-27T10:59:29Z">
          <reporter-output>
          </reporter-output>
        </test-method> <!-- test6 -->
        <test-method status="PASS" signature="test1()[pri:0, instance:org.test.Test1@64616ca2]" name="test1" duration-ms="100" started-at="2022-07-27T10:59:29Z" finished-at="2022-07-27T10:59:29Z">
          <reporter-output>
          </reporter-output>
        </test-method> <!-- test1 -->
        <test-method status="PASS" signature="test5()[pri:2, instance:org.test.Test1@64616ca2]" name="test5" duration-ms="5" started-at="2022-07-27T10:59:29Z" finished-at="2022-07-27T10:59:29Z">
          <reporter-output>
          </reporter-output>
        </test-method> <!-- test5 -->
        <test-method status="PASS" signature="test2()[pri:5, instance:org.test.Test1@64616ca2]" name="test2" duration-ms="10" started-at="2022-07-27T10:59:29Z" finished-at="2022-07-27T10:59:29Z">
          <reporter-output>
          </reporter-output>
        </test-method> <!-- test2 -->
        <test-method status="PASS" signature="test2()[pri:5, instance:org.test.Test1@64616ca2]" name="test2" duration-ms="4" started-at="2022-07-27T10:59:29Z" finished-at="2022-07-27T10:59:29Z">
          <reporter-output>
          </reporter-output>
        </test-method> <!-- test2 -->
        <test-method status="PASS" signature="test2()[pri:5, instance:org.test.Test1@64616ca2]" name="test2" duration-ms="6" started-at="2022-07-27T10:59:29Z" finished-at="2022-07-27T10:59:29Z">
          <reporter-output>
          </reporter-output>
        </test-method> <!-- test2 -->
        <test-method status="PASS" signature="test2()[pri:5, instance:org.test.Test1@64616ca2]" name="test2" duration-ms="6" started-at="2022-07-27T10:59:29Z" finished-at="2022-07-27T10:59:29Z">
          <reporter-output>
          </reporter-output>
        </test-method> <!-- test2 -->
        <test-method status="PASS" signature="test2()[pri:5, instance:org.test.Test1@64616ca2]" name="test2" duration-ms="3" started-at="2022-07-27T10:59:29Z" finished-at="2022-07-27T10:59:29Z">
          <reporter-output>
          </reporter-output>
        </test-method> <!-- test2 -->
      </class> <!-- org.test.Test1 -->
    </test> <!-- Test -->
  </suite> <!-- Suite -->
</testng-results>
